
--06-23 15:05:36 log_info display_image.Dialogs.ListingPreferencesDialog.check INFO     

# ListingPreferencesDialog.CheckListingPreferences.check() # check

--06-23 15:05:36 log_info display_image.Dialogs.ListingPreferencesDialog.check INFO     
######################## Listing Preferences #############
Type: <type 'dict'>
{u'BuyItNowPrice': {u'percent of MSRP': False}, u'*Format': {u'Auction': True, u'FixedPrice': False}, u'ReservePrice': {u'percent of MSRP': False}, u'ShippingService-1:Cost': {u'Amount': u'12'}, u'ShippingService-1:Option': {u'FedExHomeDelivery': True, u'USPSPriority': False}, u'*StartPrice': {u'.99': u'.99', u'percent of MSRP': False}, u'*Duration': {u'10': False, u'GTC': False, u'30': False, u'3': False, u'5': True, u'7': False}} check

--06-23 15:05:36 log_info display_image.MainFrame.createWidgets INFO     
THIS IS A MESSAGE in CreateWidgets

--06-23 15:05:36 log_info display_image.MainFrame.lsizerCreate INFO     
THIS IS A MESSAGE IN lsizerCreate

--06-23 15:05:36 log_info display_image.EventsHandlers.MainFrameEventHandler.onbeginShelfNumberText INFO     
Inside:  onbeginShelfNumberText

--06-23 15:05:36 log_info display_image.EventsHandlers.MainFrameEventHandler.onbeginShelfNumberText INFO     
Inside:  onbeginShelfNumberText

--06-23 15:05:36 log_info display_image.EventsHandlers.MainFrameEventHandler.onListerInitialsText INFO     
Initials set:JM onListerInitialsText

--06-23 15:05:36 log_info display_image.EventsHandlers.MainFrameEventHandler.onListerInitialsText INFO     
Initials set:JM onListerInitialsText

--06-23 15:05:36 log_info display_image.MainFrame.csizerCreate INFO     
THIS IS A MESSAGE in csizerCreate

--06-23 15:05:36 log_info display_image.MainFrame.rsizerCreate INFO     
THIS IS A MESSAGE in rsizerCreate

--06-23 15:05:36 log_info run.MainFrame INFO     
# main(): #
MainFrame.__dict__:
{'retailerLbl': <wx._controls.StaticText; proxy of <Swig Object of type 'wxStaticText *' at 0x3bf4370> >,
 'help': <wx._core.Menu; proxy of <Swig Object of type 'wxMenu *' at 0x28c2280> >,
 'listingPreferencesResults': {u'BuyItNowPrice': {u'percent of MSRP': False}, u'*Format': {u'Auction': True, u'FixedPrice': False}, u'ReservePrice': {u'percent of MSRP': False}, u'ShippingService-1:Cost': {u'Amount': u'12'}, u'ShippingService-1:Option': {u'FedExHomeDelivery': True, u'USPSPriority': False}, u'*StartPrice': {u'.99': u'.99', u'percent of MSRP': False}, u'*Duration': {u'10': False, u'GTC': False, u'30': False, u'3': False, u'5': True, u'7': False}},
 'buildAuctionButton': <wx._controls.Button; proxy of <Swig Object of type 'wxButton *' at 0x3bf5750> >,
 'defaultImgPath': 'display_image\\jPages\\QZ468\\default.JPEG',
 'currentTitleText': <wx._controls.TextCtrl; proxy of <Swig Object of type 'wxTextCtrl *' at 0x3c03208> >,
 'loadManifest': <wx._core.MenuItem; proxy of <Swig Object of type 'wxMenuItem *' at 0x28c2340> >,
 'itemSpecificsFetcher': <display_image.sky_manifest.ManifestReader object at 0x03AF6D10>,
 'emptyRadio': <wx._controls.RadioButton; proxy of <Swig Object of type 'wxRadioButton *' at 0x38804e0> >,
 'reloadModules': <wx._core.MenuItem; proxy of <Swig Object of type 'wxMenuItem *' at 0x28c2880> >,
 'logger': <logs.logger_example.log_this object at 0x03AF6A70>,
 'upcNumberText': <wx._controls.TextCtrl; proxy of <Swig Object of type 'wxTextCtrl *' at 0x3bf6f88> >,
 'ebayAuctionHeaders': ['*Action(SiteID=US|Country=US|Currency=USD|Version=745)',
 '*Category',
 'Category2',
 '*Title',
 'Subtitle',
 '*Description',
 '*ConditionID',
 'ConditionDescription',
 '*PicURL',
 '*Quantity',
 '*Format',
 '*StartPrice',
 'BuyItNowPrice',
 'ReservePrice',
 '*Duration',
 'ImmediatePayRequired',
 '*Location',
 'GalleryType',
 'PayPalAccepted',
 'PayPalEmailAddress',
 'PaymentInstructions',
 'StoreCategory',
 'ShippingDiscountProfileID',
 'DomesticRateTable',
 'ShippingType',
 'SalesTaxPercent',
 'SalesTaxState',
 'ShippingInTax',
 'UseTaxTable',
 'PostalCode',
 'ShippingService-1:Option',
 'ShippingService-1:Cost',
 'ShippingService-1:Priority',
 'ShippingService-1:ShippingSurcharge',
 'DispatchTimeMax',
 '*CustomLabel',
 'ReturnsAcceptedOption',
 'RefundOption',
 'ReturnsWithinOption',
 'ShippingCostPaidByOption',
 'AdditionalDetails',
 'ShippingProfileName',
 'ReturnProfileName',
 'PaymentProfileName',
 'SiteID',
 'BoldTitle',
 'Featured',
 'Highlight',
 'Border',
 'HomePageFeatured',
 'LinkedPayPalAccount',
 'MaximumItemCount',
 'MaxItemMinFeedback',
 'MaxUnpaidItemsCount',
 'MaxUnpaidItemsPeriod',
 'MaxViolationCount',
 'MaxViolationPeriod',
 'MinimumFeebackScore',
 'ShiptoRegCountry',
 'C:Brand',
 'C:Size Type',
 'C:Size',
 'C:Style',
 'C:Color', "C:US Shoe Size (Women's)", "C:Bottoms Size (Women's)", "C:Size (Women's)", "C:Bottoms Size (Men's)", "C:Size (Men's)", "C:Intimates & Sleep Size (Women's)",
 'C:Band Size',
 'C:Cup Size',
 'C:Gender',
 'C:Style',
 'C:Features',
 'C:Band Material',
 'C:Age',
 'C:Movement',
 'C:Display',
 'C:Model',
 'C:MPN',
 'C:Serial Number',
 'C:Country/Region of Manufacture'],
 'ssh': <display_image.Ssh_Put.Ssh object at 0x03BB1210>,
 'ebayHeadersFile': 'display_image\\archivedData\\ebay_auction_headers.csv',
 'instructions': 'Is this image correct?',
 'browseBtn': <wx._controls.Button; proxy of <Swig Object of type 'wxButton *' at 0x3bfc660> >,
 'currentTitleLbl': <wx._controls.StaticText; proxy of <Swig Object of type 'wxStaticText *' at 0x3bfc9b0> >,
 'edit': <wx._core.Menu; proxy of <Swig Object of type 'wxMenu *' at 0x28c2100> >,
 'fingerRadio': <wx._controls.RadioButton; proxy of <Swig Object of type 'wxRadioButton *' at 0x3bf4518> >,
 'lookUpBySkuBtn': <wx._controls.Button; proxy of <Swig Object of type 'wxButton *' at 0x3bf4f08> >,
 'threading': False,
 'uniqueCategoryArchive': 'display_image\\archivedData\\unique_category_4numbeer_sku.csv',
 'resetSsh': <wx._core.MenuItem; proxy of <Swig Object of type 'wxMenuItem *' at 0x28c2580> >,
 'defaults':

 {'username': 'root',
 'jNumberFolder': 'QZ468',
 'defaultScanNumber': 'XQZ468XXXXX',
 'ssh_pass': None,
 'extIP': '50.244.213.181',
 'port': 22,
 'jPages': 'jPages',
 'archivedData': 'archivedData',
 'lookUpTable': 'unique_category_4numbeer_sku.csv',
 'defaultJNumber': 'QZ468',
 'currentItemInfo':

 {'description': '\nJ176344  Description is empty\n4PK4260000010\n21492\n',
 'image_list': ['default',
 '4QZ4680000010_VA_999',
 'default'],
 'jNumber': '',
 'listerInitials': u'JM',
 'itemSelectedImages':

 {'key': ''},
 'specs': '\nJ176344  Description is empty\n4PK4260000010\n21492\n'},
 'listerInitials': 'JM',
 'fileDestination': '/var/www',
 'itemSelectedImages':

 {'key': ''},
 'PhotoMaxSize': 400,
 'defaultJNumberInfo':

 {'itemSelectedImages':

 {'key': ''},
 'image_list': ['default',
 '4NS3600000010_A_99'],
 'description': '\nJ176344  Description is empty\n4PK4260000010\n21492\n',
 'specs': '\nJ176344 is Empty\n4PK4260000010\n21492\n'},
 'ebayHeaderFile': 'ebay_auction_headers.csv',
 'displayImageFolder': 'display_image',
 'watchDictManifestResults':

 {'key': ''},
 'serverLocation': '192.168.0.170',
 'itemSpecifics': [],
 'defaultShelf': 'XXX'},
 'palletNumberText': <wx._controls.TextCtrl; proxy of <Swig Object of type 'wxTextCtrl *' at 0x3b3c520> >,
 'jNumberFolderPath': 'display_image\\jPages\\QZ468',
 'actionSeperator': <wx._controls.StaticLine; proxy of <Swig Object of type 'wxStaticLine *' at 0x3bf41c8> >,
 'currentConditionNotesLbl': <wx._controls.StaticText; proxy of <Swig Object of type 'wxStaticText *' at 0x3bfcd00> >,
 'ssh_pass': None,
 'beginShelfNumberLbl': <wx._controls.StaticText; proxy of <Swig Object of type 'wxStaticText *' at 0x3bf5258> >,
 'currentConditionText': <wx._controls.TextCtrl; proxy of <Swig Object of type 'wxTextCtrl *' at 0x3c035c8> >,
 'eventsHandler': <display_image.EventsHandlers.MainFrameEventHandler.MainFrameEventHandler object at 0x03AF6DB0>,
 'lSizer': <wx._core.BoxSizer; proxy of <Swig Object of type 'wxBoxSizer *' at 0x37b6418> >,
 'currentSkuText': <wx._controls.TextCtrl; proxy of <Swig Object of type 'wxTextCtrl *' at 0x3bf6bc8> >,
 'listingPreferences': <wx._core.MenuItem; proxy of <Swig Object of type 'wxMenuItem *' at 0x28c2640> >,
 'cSizer': <wx._core.BoxSizer; proxy of <Swig Object of type 'wxBoxSizer *' at 0x37b64d8> >,
 'currentConditionNotesText': <wx._controls.TextCtrl; proxy of <Swig Object of type 'wxTextCtrl *' at 0x3c03988> >,
 'currentConditionLbl': <wx._controls.StaticText; proxy of <Swig Object of type 'wxStaticText *' at 0x3bfcb58> >,
 'defaultJPagesFolder': 'display_image\\jPages',
 'sky_manifest': <module 'display_image.sky_manifest' from 'C:\Users\User\SGIS_CLONE\master-6-20\display_image\sky_manifest.pyc'>,
 'scanNumberLbl': <wx._controls.StaticText; proxy of <Swig Object of type 'wxStaticText *' at 0x3bf4a10> >,
 'browseText': <wx._controls.TextCtrl; proxy of <Swig Object of type 'wxTextCtrl *' at 0x3bfc288> >,
 'newItemButton': <wx._controls.Button; proxy of <Swig Object of type 'wxButton *' at 0x3bf58f8> >,
 'currentImgPath': 'display_image\\jPages\\QZ468\\default.JPEG',
 'this': <Swig Object of type 'wxFrame *' at 0x38278d8>,
 'fetchManifestItemInfo': <wx._core.MenuItem; proxy of <Swig Object of type 'wxMenuItem *' at 0x28c2400> >,
 'currentDateListedLbl': <wx._controls.StaticText; proxy of <Swig Object of type 'wxStaticText *' at 0x3bfcea8> >,
 'scanNumberSeperator': <wx._controls.StaticLine; proxy of <Swig Object of type 'wxStaticLine *' at 0x3bf4bb8> >,
 'ebayCategoryIdLbl': <wx._controls.StaticText; proxy of <Swig Object of type 'wxStaticText *' at 0x3bf5400> >,
 'mainSizer': <wx._core.BoxSizer; proxy of <Swig Object of type 'wxBoxSizer *' at 0x37b65f8> >,
 'currentItemInfo':

 {'description': '\nJ176344  Description is empty\n4PK4260000010\n21492\n',
 'image_list': ['default',
 '4QZ4680000010_VA_999',
 'default'],
 'jNumber': '',
 'listerInitials': u'JM',
 'itemSelectedImages':

 {'key': ''},
 'specs': '\nJ176344  Description is empty\n4PK4260000010\n21492\n'},
 'quit': <wx._core.MenuItem; proxy of <Swig Object of type 'wxMenuItem *' at 0x28c2700> >,
 'rSizerCurrentItemSizer': <wx._core.BoxSizer; proxy of <Swig Object of type 'wxBoxSizer *' at 0x37b6598> >,
 'SelectImageBtn': <wx._controls.Button; proxy of <Swig Object of type 'wxButton *' at 0x3bfc808> >,
 'jNumber': 'QZ468',
 'defaultJNumberInfo':

 {'itemSelectedImages':

 {'key': ''},
 'image_list': ['default',
 '4NS3600000010_A_99'],
 'description': '\nJ176344  Description is empty\n4PK4260000010\n21492\n',
 'specs': '\nJ176344 is Empty\n4PK4260000010\n21492\n'},
 'listerInitialsLbl': <wx._controls.StaticText; proxy of <Swig Object of type 'wxStaticText *' at 0x3bf55a8> >,
 'instructLbl': <wx._controls.StaticText; proxy of <Swig Object of type 'wxStaticText *' at 0x3bf5df0> >,
 'lookupManifestedRadio': <wx._controls.RadioButton; proxy of <Swig Object of type 'wxRadioButton *' at 0x3bf4020> >,
 'descriptionTextField': <wx._controls.TextCtrl; proxy of <Swig Object of type 'wxTextCtrl *' at 0x3bfee48> >,
 'archivedDataFolderPath': 'display_image\\archivedData',
 'defaultJNumberFolder': 'display_image\\jPages\\QZ468',
 'imageCountLbl': <wx._controls.StaticText; proxy of <Swig Object of type 'wxStaticText *' at 0x3bf5c48> >,
 'listerInitialsText': <wx._controls.TextCtrl; proxy of <Swig Object of type 'wxTextCtrl *' at 0x3bf82c8> >,
 'imageCtrl': <wx._controls.StaticBitmap; proxy of <Swig Object of type 'wxStaticBitmap *' at 0x3bf5aa0> >,
 'beginManifestingRadio': <wx._controls.RadioButton; proxy of <Swig Object of type 'wxRadioButton *' at 0x3880688> >,
 'ebayCategoryIdText': <wx._controls.TextCtrl; proxy of <Swig Object of type 'wxTextCtrl *' at 0x3bf7f08> >,
 'lookUpBySkuSizer': <wx._core.BoxSizer; proxy of <Swig Object of type 'wxBoxSizer *' at 0x37b6478> >,
 'file': <wx._core.Menu; proxy of <Swig Object of type 'wxMenu *' at 0x28c21c0> >,
 'defaultJNumber': 'QZ468',
 'palletNumberLbl': <wx._controls.StaticText; proxy of <Swig Object of type 'wxStaticText *' at 0x3bf4868> >,
 'PhotoMaxSize': 400,
 'mainPanel': <wx._windows.Panel; proxy of <Swig Object of type 'wxPanel *' at 0x38f8d50> >,
 'startingSkuLbl': <wx._controls.StaticText; proxy of <Swig Object of type 'wxStaticText *' at 0x3bf4d60> >,
 'descriptionTextFieldInitialized': False,
 'rSizer': <wx._core.BoxSizer; proxy of <Swig Object of type 'wxBoxSizer *' at 0x37b6538> >,
 'saveDescriptionTextBtn': <wx._controls.Button; proxy of <Swig Object of type 'wxButton *' at 0x3bfd050> >,
 'scanNumberText': <wx._controls.TextCtrl; proxy of <Swig Object of type 'wxTextCtrl *' at 0x3bf6808> >,
 'pdbSetTrace': <wx._core.MenuItem; proxy of <Swig Object of type 'wxMenuItem *' at 0x28c27c0> >,
 'statusbar': <wx._windows.StatusBar; proxy of <Swig Object of type 'wxStatusBar *' at 0x38713b8> >,
 'upcNumberLbl': <wx._controls.StaticText; proxy of <Swig Object of type 'wxStaticText *' at 0x3bf50b0> >,
 'currentDateListedText': <wx._controls.TextCtrl; proxy of <Swig Object of type 'wxTextCtrl *' at 0x3c03d48> >,
 'shopHqRadio': <wx._controls.RadioButton; proxy of <Swig Object of type 'wxRadioButton *' at 0x3bf46c0> >,
 'scanNumberTextValue': None,
 'ListingPreferencesDialog': <class 'display_image.Dialogs.ListingPreferencesDialog.ListingPreferencesDialog'>,
 'beginShelfNumberText': <wx._controls.TextCtrl; proxy of <Swig Object of type 'wxTextCtrl *' at 0x3bf7b48> >}

--06-23 15:05:37 log_info display_image.EventsHandlers.MainFrameEventHandler.onLookupManifestedRadio INFO     
Inside:  onLookupManifestedRadio

--06-23 15:05:37 log_info display_image.EventsHandlers.MainFrameEventHandler.onLookupManifestedRadio INFO     
Inside:  onLookupManifestedRadio

--06-23 15:05:37 log_info display_image.EventsHandlers.MainFrameEventHandler.onLookupManifestedRadio INFO     

# PhotoCtrlEventsHandler: onLookupManifestedRadio # onLookupManifestedRadio

--06-23 15:05:37 log_info display_image.EventsHandlers.MainFrameEventHandler.onLookupManifestedRadio INFO     

# PhotoCtrlEventsHandler: onLookupManifestedRadio # onLookupManifestedRadio

--06-23 15:05:37 log_debug display_image.EventsHandlers.MainFrameEventHandler.csvFileBrowse DEBUG    Inside:  csvFileBrowse
ARGS_KWARGS_STR:
{'ARGS': ()
, 'KWARGS': {}}
call_fn: C:\Python27\lib\site-packages\wx-3.0-msw\wx\_core.py
call_ln: 7952
call_func: MainLoop
caller: ['        return _core_.PyApp_MainLoop(*args, **kwargs)\n']
Exception:
None

--06-23 15:05:37 log_info display_image.EventsHandlers.MainFrameEventHandler.csvFileBrowse INFO     
Inside:  csvFileBrowse

--06-23 15:05:37 log_info display_image.EventsHandlers.MainFrameEventHandler.csvFileBrowse INFO     
Inside:  csvFileBrowse

--06-23 15:05:39 log_debug display_image.EventsHandlers.MainFrameEventHandler.csvFileBrowse DEBUG    Filenames: csvFileBrowse
ARGS_KWARGS_STR:
{'ARGS': ([u'C:\\Users\\User\\SGIS_CLONE\\master-6-20\\spreadsheets\\Watch SNBC#4 CR March 14-04 - SNBC4 no dupes.csv'],)
, 'KWARGS': {}}
call_fn: C:\Python27\lib\site-packages\wx-3.0-msw\wx\_core.py
call_ln: 7952
call_func: MainLoop
caller: ['        return _core_.PyApp_MainLoop(*args, **kwargs)\n']
Exception:
None

--06-23 15:05:42 log_info display_image.EventsHandlers.MainFrameEventHandler.onCurrentSkuText INFO     
Inside:  onCurrentSkuText

--06-23 15:05:42 log_info display_image.EventsHandlers.MainFrameEventHandler.onCurrentSkuText INFO     
Inside:  onCurrentSkuText

--06-23 15:05:42 log_debug display_image.EventsHandlers.MainFrameEventHandler.onCurrentSkuText DEBUG    . self.MainFrame.startingSkuNumber Updated to:  onCurrentSkuText
ARGS_KWARGS_STR:
{'ARGS': ('1',)
, 'KWARGS': {}}
call_fn: C:\Python27\lib\site-packages\wx-3.0-msw\wx\_core.py
call_ln: 8660
call_func: MainLoop
caller: ['        wx.PyApp.MainLoop(self)\n']
Exception:
None

--06-23 15:05:42 log_info display_image.EventsHandlers.MainFrameEventHandler.onCurrentSkuText INFO     
Inside:  onCurrentSkuText

--06-23 15:05:42 log_info display_image.EventsHandlers.MainFrameEventHandler.onCurrentSkuText INFO     
Inside:  onCurrentSkuText

--06-23 15:05:42 log_debug display_image.EventsHandlers.MainFrameEventHandler.onCurrentSkuText DEBUG    . self.MainFrame.startingSkuNumber Updated to:  onCurrentSkuText
ARGS_KWARGS_STR:
{'ARGS': ('11',)
, 'KWARGS': {}}
call_fn: C:\Python27\lib\site-packages\wx-3.0-msw\wx\_core.py
call_ln: 8660
call_func: MainLoop
caller: ['        wx.PyApp.MainLoop(self)\n']
Exception:
None

--06-23 15:05:42 log_info display_image.EventsHandlers.MainFrameEventHandler.onCurrentSkuText INFO     
Inside:  onCurrentSkuText

--06-23 15:05:42 log_info display_image.EventsHandlers.MainFrameEventHandler.onCurrentSkuText INFO     
Inside:  onCurrentSkuText

--06-23 15:05:42 log_debug display_image.EventsHandlers.MainFrameEventHandler.onCurrentSkuText DEBUG    . self.MainFrame.startingSkuNumber Updated to:  onCurrentSkuText
ARGS_KWARGS_STR:
{'ARGS': ('113',)
, 'KWARGS': {}}
call_fn: C:\Python27\lib\site-packages\wx-3.0-msw\wx\_core.py
call_ln: 8660
call_func: MainLoop
caller: ['        wx.PyApp.MainLoop(self)\n']
Exception:
None

--06-23 15:05:42 log_info display_image.EventsHandlers.MainFrameEventHandler.onCurrentSkuText INFO     
Inside:  onCurrentSkuText

--06-23 15:05:42 log_info display_image.EventsHandlers.MainFrameEventHandler.onCurrentSkuText INFO     
Inside:  onCurrentSkuText

--06-23 15:05:42 log_debug display_image.EventsHandlers.MainFrameEventHandler.onCurrentSkuText DEBUG    . self.MainFrame.startingSkuNumber Updated to:  onCurrentSkuText
ARGS_KWARGS_STR:
{'ARGS': ('1132',)
, 'KWARGS': {}}
call_fn: C:\Python27\lib\site-packages\wx-3.0-msw\wx\_core.py
call_ln: 8660
call_func: MainLoop
caller: ['        wx.PyApp.MainLoop(self)\n']
Exception:
None

--06-23 15:05:43 log_info display_image.EventsHandlers.MainFrameEventHandler.onLookUpBySkuBtn INFO     
Inside:  onLookUpBySkuBtn

--06-23 15:05:43 log_info display_image.EventsHandlers.MainFrameEventHandler.onLookUpBySkuBtn INFO     
Inside:  onLookUpBySkuBtn

--06-23 15:05:43 log_info display_image.EventsHandlers.MainFrameEventHandler.onLookUpBySkuBtn INFO     

# PhotoCtrlEventsHandler.onLookUpBySkuBtn(): # onLookUpBySkuBtn

--06-23 15:05:43 log_info display_image.EventsHandlers.MainFrameEventHandler.onLookUpBySkuBtn INFO     

# PhotoCtrlEventsHandler.onLookUpBySkuBtn(): # onLookUpBySkuBtn

--06-23 15:05:45 log_info display_image.EventsHandlers.MainFrameEventHandler.onRetailerRadio INFO     
Inside:  onRetailerRadio

--06-23 15:05:45 log_info display_image.EventsHandlers.MainFrameEventHandler.onRetailerRadio INFO     
Inside:  onRetailerRadio

--06-23 15:05:45 log_info display_image.EventsHandlers.MainFrameEventHandler.onRetailerRadio INFO     

# PhotoCtrlEventsHandler.onRetailerRadio()  onRetailerRadio

--06-23 15:05:45 log_info display_image.EventsHandlers.MainFrameEventHandler.onRetailerRadio INFO     

# PhotoCtrlEventsHandler.onRetailerRadio()  onRetailerRadio

--06-23 15:05:46 log_info display_image.EventsHandlers.MainFrameEventHandler.onLookUpBySkuBtn INFO     
Inside:  onLookUpBySkuBtn

--06-23 15:05:46 log_info display_image.EventsHandlers.MainFrameEventHandler.onLookUpBySkuBtn INFO     
Inside:  onLookUpBySkuBtn

--06-23 15:05:46 log_info display_image.EventsHandlers.MainFrameEventHandler.onLookUpBySkuBtn INFO     

# PhotoCtrlEventsHandler.onLookUpBySkuBtn(): # onLookUpBySkuBtn

--06-23 15:05:46 log_info display_image.EventsHandlers.MainFrameEventHandler.onLookUpBySkuBtn INFO     

# PhotoCtrlEventsHandler.onLookUpBySkuBtn(): # onLookUpBySkuBtn

--06-23 15:05:46 log_info display_image.EventsHandlers.MainFrameEventHandler.onLookUpBySkuBtnShopHq INFO     
Inside:  onLookUpBySkuBtnShopHq

--06-23 15:05:46 log_info display_image.EventsHandlers.MainFrameEventHandler.onLookUpBySkuBtnShopHq INFO     
Inside:  onLookUpBySkuBtnShopHq

--06-23 15:05:46 log_info display_image.EventsHandlers.MainFrameEventHandler.onLookUpBySkuBtnShopHq INFO     
[['retailer_code:1', 'Division', 'Brand', 'pallet_number', 'full_', 'jnumber', 'model_number', 'title', 'Qty', 'msrp', 'Total Cost', 'Retail', 'Total Retail', 'Margin %', 'Margin $', 'eBay Price', 'sku', 'box', 'condition', 'condition_notes', 'band_size', 'date_listed', 'repair', 'manifested', 'upc'], ['', 'Watches', 'Invicta', 'Watches4', 'J431184-00005-04168', 'J431184', '', 'INVICTA RESERVE MENS JASON TAYLOR EXCURSION SWISS LMT ED QUARTZ CHRONO WATCH RED MENS', '1', '$645.00', '$645.00', '', '', '', '', '', '1132', '', '2', '', '7.5', '', '', 'X', '']] onLookUpBySkuBtnShopHq

--06-23 15:05:46 log_info display_image.EventsHandlers.MainFrameEventHandler.onLookUpBySkuBtnShopHq INFO     
[['retailer_code:1', 'Division', 'Brand', 'pallet_number', 'full_', 'jnumber', 'model_number', 'title', 'Qty', 'msrp', 'Total Cost', 'Retail', 'Total Retail', 'Margin %', 'Margin $', 'eBay Price', 'sku', 'box', 'condition', 'condition_notes', 'band_size', 'date_listed', 'repair', 'manifested', 'upc'], ['', 'Watches', 'Invicta', 'Watches4', 'J431184-00005-04168', 'J431184', '', 'INVICTA RESERVE MENS JASON TAYLOR EXCURSION SWISS LMT ED QUARTZ CHRONO WATCH RED MENS', '1', '$645.00', '$645.00', '', '', '', '', '', '1132', '', '2', '', '7.5', '', '', 'X', '']] onLookUpBySkuBtnShopHq

--06-23 15:05:46 log_info display_image.EventsHandlers.MainFrameEventHandler.onPalletNumberText INFO     
Inside:  onPalletNumberText

--06-23 15:05:46 log_info display_image.EventsHandlers.MainFrameEventHandler.onPalletNumberText INFO     
Inside:  onPalletNumberText

--06-23 15:05:46 log_info display_image.EventsHandlers.MainFrameEventHandler.onPalletNumberText INFO     

# PhotoCtrlEventHandler.onPalletNumberText(): # onPalletNumberText

--06-23 15:05:46 log_info display_image.EventsHandlers.MainFrameEventHandler.onPalletNumberText INFO     

# PhotoCtrlEventHandler.onPalletNumberText(): # onPalletNumberText

--06-23 15:05:46 log_info display_image.EventsHandlers.MainFrameEventHandler.onScanNumberText INFO     
Inside:  onScanNumberText

--06-23 15:05:46 log_info display_image.EventsHandlers.MainFrameEventHandler.onScanNumberText INFO     
Inside:  onScanNumberText

--06-23 15:05:46 log_info display_image.EventsHandlers.MainFrameEventHandler.onScanNumberText INFO     

# PhotoCtrlEventHandler.scanNumberText() # onScanNumberText

--06-23 15:05:46 log_info display_image.EventsHandlers.MainFrameEventHandler.onScanNumberText INFO     

# PhotoCtrlEventHandler.scanNumberText() # onScanNumberText

--06-23 15:05:46 log_info display_image.sky_manifest.checkIfManifested INFO     

# sky_manifest.ManifestReader.checkIfManifested(jnumber) # checkIfManifested

--06-23 15:05:46 log_info display_image.sky_manifest.checkIfManifested INFO     
. jnumber:J431184 checkIfManifested

--06-23 15:05:46 log_info display_image.sky_manifest.returnColumn INFO     

# sky_manifest.ManifestReader.returnColumn: ERROR appending returnColumn

--06-23 15:05:46 log_info display_image.sky_manifest.returnColumn INFO     
list index out of range returnColumn

--06-23 15:05:46 log_info display_image.sky_manifest.returnColumn INFO     

# sky_manifest.ManifestReader.returnColumn: ERROR appending returnColumn

--06-23 15:05:46 log_info display_image.sky_manifest.returnColumn INFO     
list index out of range returnColumn

--06-23 15:05:46 log_info display_image.sky_manifest.returnColumn INFO     

# sky_manifest.ManifestReader.returnColumn: ERROR appending returnColumn

--06-23 15:05:46 log_info display_image.sky_manifest.returnColumn INFO     
list index out of range returnColumn

--06-23 15:05:46 log_info display_image.sky_manifest.returnColumn INFO     

# sky_manifest.ManifestReader.returnColumn: ERROR appending returnColumn

--06-23 15:05:46 log_info display_image.sky_manifest.returnColumn INFO     
list index out of range returnColumn

--06-23 15:05:46 log_info display_image.sky_manifest.returnColumn INFO     

# sky_manifest.ManifestReader.returnColumn: ERROR appending returnColumn

--06-23 15:05:46 log_info display_image.sky_manifest.returnColumn INFO     
list index out of range returnColumn

--06-23 15:05:46 log_info display_image.sky_manifest.checkIfManifested INFO     
. jc_len:561 mc_len:561 sc_len:561 checkIfManifested

--06-23 15:05:46 log_info display_image.sky_manifest.checkIfManifested INFO     
. Found Match on row_index:132 checkIfManifested

--06-23 15:05:46 log_info display_image.sky_manifest.checkIfManifested INFO     
. Line Number: 133 checkIfManifested

--06-23 15:05:46 log_info display_image.sky_manifest.checkIfManifested INFO     
. Found sku Number: 1132 checkIfManifested

--06-23 15:05:46 log_info display_image.sky_manifest.checkIfManifested INFO     
. Manifested: X checkIfManifested

--06-23 15:05:46 log_info display_image.Check.loadMainFrameJson INFO     

# Check.loadself.MainFrameJson(): # loadMainFrameJson

--06-23 15:05:46 log_info display_image.Check.loadMainFrameJson INFO     
display_image\jPages\J431184\J431184.json loadMainFrameJson

--06-23 15:05:46 log_info display_image.Check.loadMainFrameJson INFO     
. repair loadMainFrameJson

--06-23 15:05:46 log_info display_image.Check.loadMainFrameJson INFO     
. ebay_category loadMainFrameJson

--06-23 15:05:46 log_info display_image.Check.loadMainFrameJson INFO     
. image_list loadMainFrameJson

--06-23 15:05:46 log_info display_image.Check.loadMainFrameJson INFO     
. jnumber loadMainFrameJson

--06-23 15:05:46 log_info display_image.Check.loadMainFrameJson INFO     
. pallet_number loadMainFrameJson

--06-23 15:05:46 log_info display_image.Check.loadMainFrameJson INFO     
. specs loadMainFrameJson

--06-23 15:05:46 log_info display_image.Check.loadMainFrameJson INFO     
. eBay Price loadMainFrameJson

--06-23 15:05:46 log_info display_image.Check.loadMainFrameJson INFO     
. sku loadMainFrameJson

--06-23 15:05:46 log_info display_image.Check.loadMainFrameJson INFO     
. Division loadMainFrameJson

--06-23 15:05:46 log_info display_image.Check.loadMainFrameJson INFO     
. Margin $ loadMainFrameJson

--06-23 15:05:46 log_info display_image.Check.loadMainFrameJson INFO     
. title loadMainFrameJson

--06-23 15:05:46 log_info display_image.Check.loadMainFrameJson INFO     
. Brand loadMainFrameJson

--06-23 15:05:46 log_info display_image.Check.loadMainFrameJson INFO     
. model_number loadMainFrameJson

--06-23 15:05:46 log_info display_image.Check.loadMainFrameJson INFO     
. jNumber loadMainFrameJson

--06-23 15:05:46 log_info display_image.Check.loadMainFrameJson INFO     
. itemSelectedImages loadMainFrameJson

--06-23 15:05:46 log_info display_image.Check.loadMainFrameJson INFO     
. condition loadMainFrameJson

--06-23 15:05:46 log_info display_image.Check.loadMainFrameJson INFO     
. condition_notes loadMainFrameJson

--06-23 15:05:46 log_info display_image.Check.loadMainFrameJson INFO     
. retailer_code loadMainFrameJson

--06-23 15:05:46 log_info display_image.Check.loadMainFrameJson INFO     
. *ConditionID loadMainFrameJson

--06-23 15:05:46 log_info display_image.Check.loadMainFrameJson INFO     
. Total Cost loadMainFrameJson

--06-23 15:05:46 log_info display_image.Check.loadMainFrameJson INFO     
. retailer_code:1 loadMainFrameJson

--06-23 15:05:46 log_info display_image.Check.loadMainFrameJson INFO     
. description loadMainFrameJson

--06-23 15:05:46 log_info display_image.Check.loadMainFrameJson INFO     
. full_ loadMainFrameJson

--06-23 15:05:46 log_info display_image.Check.loadMainFrameJson INFO     
. palletNumber loadMainFrameJson

--06-23 15:05:46 log_info display_image.Check.loadMainFrameJson INFO     
. Retail loadMainFrameJson

--06-23 15:05:46 log_info display_image.Check.loadMainFrameJson INFO     
. manifested loadMainFrameJson

--06-23 15:05:46 log_info display_image.Check.loadMainFrameJson INFO     
. Total Retail loadMainFrameJson

--06-23 15:05:46 log_info display_image.Check.loadMainFrameJson INFO     
. box loadMainFrameJson

--06-23 15:05:46 log_info display_image.Check.loadMainFrameJson INFO     
. image_sources loadMainFrameJson

--06-23 15:05:46 log_info display_image.Check.loadMainFrameJson INFO     
. date_listed loadMainFrameJson

--06-23 15:05:46 log_info display_image.Check.loadMainFrameJson INFO     
. Margin % loadMainFrameJson

--06-23 15:05:46 log_info display_image.Check.loadMainFrameJson INFO     
. upc loadMainFrameJson

--06-23 15:05:46 log_info display_image.Check.loadMainFrameJson INFO     
. Qty loadMainFrameJson

--06-23 15:05:46 log_info display_image.Check.loadMainFrameJson INFO     
. listerInitials loadMainFrameJson

--06-23 15:05:46 log_info display_image.Check.loadMainFrameJson INFO     
. band_size loadMainFrameJson

--06-23 15:05:46 log_info display_image.Check.loadMainFrameJson INFO     
. jNumberFolderPath loadMainFrameJson

--06-23 15:05:46 log_info display_image.Check.loadMainFrameJson INFO     
. *Category loadMainFrameJson

--06-23 15:05:46 log_info display_image.Check.loadMainFrameJson INFO     
. msrp loadMainFrameJson

--06-23 15:05:46 log_info display_image.Check.loadMainFrameJson INFO     
Updating currentItemInfo in loadMainFrameJson{u'repair': u'', u'ebay_category': u'31387', u'image_list': [u'622-343?DefaultImage=1&$472x472_jpg$', u'622-343_00_swatch?DefaultImage=1&$40x40_jpg$', u'622-343_01_swatch?DefaultImage=1&$40x40_jpg$', u'622-343?DefaultImage=1&$80x80_jpg$', u'622-343_00_detail?DefaultImage=1&$80x80_jpg$', u'622-343_01_detail?DefaultImage=1&$80x80_jpg$', u'622-343_02_detail?DefaultImage=1&$80x80_jpg$', u'622-343_03_detail?DefaultImage=1&$80x80_jpg$', u'622-343?DefaultImage=1&$120x120_jpg$', u'622-343?DefaultImage=1&$120x120_jpg$'], u'jnumber': u'J431184', u'pallet_number': u'Watches4', u'specs': u"['tt_productRightCol', 'entity.id=622-343', 'entity.categoryId=product', 'entity.name=Invicta Reserve 50mm Jason Taylor Excursion Bracelet Watch w/ Three-Slot Dive Case', 'entity.pageUrl=http://www.shophq.com/product/622-343.aspx?\\\\u0026familyid=J431184', 'entity.thumbnailUrl=http://images.shophq.com/is/image/ShopHQ/622-343?DefaultImage=1&$120x120_jpg$', 'entity.message=INVICTA RESERVE MENS JASON TAYLOR EXCURSION SWISS QUARTZ CHRONO BRACELET', 'entity.value=645.0000', '']", u'eBay Price': u'', u'sku': u'1132', u'Division': u'Watches', u'Margin $': u'', u'title': u'Invicta Reserve Mens Jason Taylor Excursion Quartz Chrono Watch Red Mens', u'Brand': u'Invicta', u'model_number': u'', u'jNumber': u'J431184', u'itemSelectedImages': {u'display_image\\jPages\\J431184\\622-343.JPEG': u'True'}, u'condition': u'2', u'condition_notes': u'', u'retailer_code': u'1', u'*ConditionID': u'3000', u'Total Cost': u'$645.00', u'retailer_code:1': u'', u'description': u'\r\n                \r\n                <p><strong>Invicta Reserve 50mm Jason Taylor Excursion Bracelet Watch w/ Three-Slot Dive Case</strong></p>\r\n\r\n<p><strong>Choices: </strong>Red or Yellow dial accent</p>\r\n\r\n<p> Ingenious architecture and design blends with formidable capabilities on this Invicta Reserve Jason Taylor Excursion! </p>\r\n                Take a stylish step forward with the round black stainless steel case. Measuring 50mm wide the case presents its imposing stature with two black pedal-style function pushers on either side of a texture edged screw down crown. A black bezel tops the case with Arabic numerals etched at five minute increments and four white arrow accents at the cardinal points. \u201cLimited Edition\u201d appears on the case back with your number out of 999 while \u201cJT\u201d caps the crown. This Excursion expertly executes the time on a Swiss Made Ronda 5040.D Quartz Chronograph movement. </p>\r\n\r\n<p> A Flame Fusion crystal hovers above the round black carbon fiber dial and its standout accents in red or yellow. A 60-seconds subdial sits near 2:00 a date window finds its place near 4:00 a 1/10th-seconds subdial resides above 6:00 and a 30-minute subdial lands near 10:00. The red accented dial features round luminous Tritnite index markers with red trim at all hour positions except 12:00 Tritnite and red trim hour and minute hands and solid red subdial and chronograph hands. The yellow accented dial boasts Tritnite index markers and hour and minute hands with yellow trim and solid yellow subdial and chronograph hands. \u201cJT\u201d and \u201cInvicta Reserve\u201d share the space below 12:00 for the final detail. </p>\r\n\r\n<p> Cool black links come together for the stainless steel bracelet. The three link design secures with a deployant clasp and a safety catch etched \u201cJT\u201d. A timepiece uniquely styled with you in mind make this Invicta Reserve Jason Taylor Excursion the newest addition to your timepiece collection today! </p> \r\n\r\n<p><li><strong>Bracelet: </strong>Stainless Steel\r\n<li><strong>Movement: </strong>Swiss Made Ronda 5040.D Quartz Chronograph \r\n<li><strong>Crystal: </strong>Flame Fusion\r\n<li><strong>Crown: </strong>Screw Down w/ Function Pushers\r\n<li><strong>Clasp: </strong>Deployant\r\n<li><strong>Bracelet Measurements: </strong>9 L x 26mm W\r\n<li><strong>Case Measurements: </strong>50mm\r\n<li><strong>Case Thickness: </strong>14mm\r\n<li><strong>Weight: </strong>13 oz.\r\n<li><strong>Water Resistance: </strong>20 ATM - 200 meters - 660 feet\r\n<li><strong>Model Numbers: </strong>\r\n<br>Red: 14452-3WHT \r\n<br>Yellow: 14453-3WHT \r\n\r\n<li><strong>UPC: </strong>\r\n<br>Red: 886678150946 \r\n<br>Yellow: 886678150953 \r\n\r\n<p>', u'full_': u'J431184-00005-04168', u'palletNumber': u'Watches4', u'Retail': u'', u'manifested': u'X', u'Total Retail': u'', u'box': u'', u'image_sources': {u'key': u''}, u'date_listed': u'', u'Margin %': u'', u'upc': u'', u'Qty': u'1', u'listerInitials': u'JM', u'band_size': u'7.5', u'jNumberFolderPath': u'display_image\\jPages\\J431184', u'*Category': u'31387', u'msrp': u'$645.00'} loadMainFrameJson

--06-23 15:05:46 log_info display_image.Check.loadMainFrameJson INFO     
self.MainFrame.currentItemInfo Updated loadMainFrameJson

--06-23 15:05:46 log_info display_image.EventsHandlers.MainFrameEventHandler.updateMainFrameCurrentItemInfo INFO     
Post json_exists: {'repair': u'', u'ebay_category': u'31387', 'image_list': [u'622-343?DefaultImage=1&$472x472_jpg$', u'622-343_00_swatch?DefaultImage=1&$40x40_jpg$', u'622-343_01_swatch?DefaultImage=1&$40x40_jpg$', u'622-343?DefaultImage=1&$80x80_jpg$', u'622-343_00_detail?DefaultImage=1&$80x80_jpg$', u'622-343_01_detail?DefaultImage=1&$80x80_jpg$', u'622-343_02_detail?DefaultImage=1&$80x80_jpg$', u'622-343_03_detail?DefaultImage=1&$80x80_jpg$', u'622-343?DefaultImage=1&$120x120_jpg$', u'622-343?DefaultImage=1&$120x120_jpg$'], 'sku': u'1132', 'Margin $': u'', 'title': u'Invicta Reserve Mens Jason Taylor Excursion Quartz Chrono Watch Red Mens', 'Brand': u'Invicta', 'model_number': u'', 'jNumber': u'J431184', 'Total Cost': u'$645.00', 'full_': u'J431184-00005-04168', 'Retail': u'', 'condition': u'2', 'upc': u'', 'Qty': u'1', 'listerInitials': u'JM', 'jNumberFolderPath': u'display_image\\jPages\\J431184', 'msrp': u'$645.00', 'jnumber': u'J431184', 'pallet_number': u'Watches4', 'specs': u"['tt_productRightCol', 'entity.id=622-343', 'entity.categoryId=product', 'entity.name=Invicta Reserve 50mm Jason Taylor Excursion Bracelet Watch w/ Three-Slot Dive Case', 'entity.pageUrl=http://www.shophq.com/product/622-343.aspx?\\\\u0026familyid=J431184', 'entity.thumbnailUrl=http://images.shophq.com/is/image/ShopHQ/622-343?DefaultImage=1&$120x120_jpg$', 'entity.message=INVICTA RESERVE MENS JASON TAYLOR EXCURSION SWISS QUARTZ CHRONO BRACELET', 'entity.value=645.0000', '']", 'eBay Price': u'', 'Division': u'Watches', 'itemSelectedImages': {u'display_image\\jPages\\J431184\\622-343.JPEG': u'True'}, 'condition_notes': u'', 'retailer_code': u'1', u'*ConditionID': u'3000', 'retailer_code:1': u'', 'description': u'\r\n                \r\n                <p><strong>Invicta Reserve 50mm Jason Taylor Excursion Bracelet Watch w/ Three-Slot Dive Case</strong></p>\r\n\r\n<p><strong>Choices: </strong>Red or Yellow dial accent</p>\r\n\r\n<p> Ingenious architecture and design blends with formidable capabilities on this Invicta Reserve Jason Taylor Excursion! </p>\r\n                Take a stylish step forward with the round black stainless steel case. Measuring 50mm wide the case presents its imposing stature with two black pedal-style function pushers on either side of a texture edged screw down crown. A black bezel tops the case with Arabic numerals etched at five minute increments and four white arrow accents at the cardinal points. \u201cLimited Edition\u201d appears on the case back with your number out of 999 while \u201cJT\u201d caps the crown. This Excursion expertly executes the time on a Swiss Made Ronda 5040.D Quartz Chronograph movement. </p>\r\n\r\n<p> A Flame Fusion crystal hovers above the round black carbon fiber dial and its standout accents in red or yellow. A 60-seconds subdial sits near 2:00 a date window finds its place near 4:00 a 1/10th-seconds subdial resides above 6:00 and a 30-minute subdial lands near 10:00. The red accented dial features round luminous Tritnite index markers with red trim at all hour positions except 12:00 Tritnite and red trim hour and minute hands and solid red subdial and chronograph hands. The yellow accented dial boasts Tritnite index markers and hour and minute hands with yellow trim and solid yellow subdial and chronograph hands. \u201cJT\u201d and \u201cInvicta Reserve\u201d share the space below 12:00 for the final detail. </p>\r\n\r\n<p> Cool black links come together for the stainless steel bracelet. The three link design secures with a deployant clasp and a safety catch etched \u201cJT\u201d. A timepiece uniquely styled with you in mind make this Invicta Reserve Jason Taylor Excursion the newest addition to your timepiece collection today! </p> \r\n\r\n<p><li><strong>Bracelet: </strong>Stainless Steel\r\n<li><strong>Movement: </strong>Swiss Made Ronda 5040.D Quartz Chronograph \r\n<li><strong>Crystal: </strong>Flame Fusion\r\n<li><strong>Crown: </strong>Screw Down w/ Function Pushers\r\n<li><strong>Clasp: </strong>Deployant\r\n<li><strong>Bracelet Measurements: </strong>9 L x 26mm W\r\n<li><strong>Case Measurements: </strong>50mm\r\n<li><strong>Case Thickness: </strong>14mm\r\n<li><strong>Weight: </strong>13 oz.\r\n<li><strong>Water Resistance: </strong>20 ATM - 200 meters - 660 feet\r\n<li><strong>Model Numbers: </strong>\r\n<br>Red: 14452-3WHT \r\n<br>Yellow: 14453-3WHT \r\n\r\n<li><strong>UPC: </strong>\r\n<br>Red: 886678150946 \r\n<br>Yellow: 886678150953 \r\n\r\n<p>', 'palletNumber': u'Watches4', 'manifested': u'X', 'Total Retail': u'', 'box': u'', u'image_sources': {u'key': u''}, 'date_listed': u'', 'Margin %': u'', 'band_size': u'7.5', u'*Category': u'31387'} updateMainFrameCurrentItemInfo

--06-23 15:05:46 log_info display_image.EventsHandlers.MainFrameEventHandler.updateMainFrameCurrentItemInfo INFO     
Post json_exists: {'repair': u'', u'ebay_category': u'31387', 'image_list': [u'622-343?DefaultImage=1&$472x472_jpg$', u'622-343_00_swatch?DefaultImage=1&$40x40_jpg$', u'622-343_01_swatch?DefaultImage=1&$40x40_jpg$', u'622-343?DefaultImage=1&$80x80_jpg$', u'622-343_00_detail?DefaultImage=1&$80x80_jpg$', u'622-343_01_detail?DefaultImage=1&$80x80_jpg$', u'622-343_02_detail?DefaultImage=1&$80x80_jpg$', u'622-343_03_detail?DefaultImage=1&$80x80_jpg$', u'622-343?DefaultImage=1&$120x120_jpg$', u'622-343?DefaultImage=1&$120x120_jpg$'], 'sku': u'1132', 'Margin $': u'', 'title': u'Invicta Reserve Mens Jason Taylor Excursion Quartz Chrono Watch Red Mens', 'Brand': u'Invicta', 'model_number': u'', 'jNumber': u'J431184', 'Total Cost': u'$645.00', 'full_': u'J431184-00005-04168', 'Retail': u'', 'condition': u'2', 'upc': u'', 'Qty': u'1', 'listerInitials': u'JM', 'jNumberFolderPath': u'display_image\\jPages\\J431184', 'msrp': u'$645.00', 'jnumber': u'J431184', 'pallet_number': u'Watches4', 'specs': u"['tt_productRightCol', 'entity.id=622-343', 'entity.categoryId=product', 'entity.name=Invicta Reserve 50mm Jason Taylor Excursion Bracelet Watch w/ Three-Slot Dive Case', 'entity.pageUrl=http://www.shophq.com/product/622-343.aspx?\\\\u0026familyid=J431184', 'entity.thumbnailUrl=http://images.shophq.com/is/image/ShopHQ/622-343?DefaultImage=1&$120x120_jpg$', 'entity.message=INVICTA RESERVE MENS JASON TAYLOR EXCURSION SWISS QUARTZ CHRONO BRACELET', 'entity.value=645.0000', '']", 'eBay Price': u'', 'Division': u'Watches', 'itemSelectedImages': {u'display_image\\jPages\\J431184\\622-343.JPEG': u'True'}, 'condition_notes': u'', 'retailer_code': u'1', u'*ConditionID': u'3000', 'retailer_code:1': u'', 'description': u'\r\n                \r\n                <p><strong>Invicta Reserve 50mm Jason Taylor Excursion Bracelet Watch w/ Three-Slot Dive Case</strong></p>\r\n\r\n<p><strong>Choices: </strong>Red or Yellow dial accent</p>\r\n\r\n<p> Ingenious architecture and design blends with formidable capabilities on this Invicta Reserve Jason Taylor Excursion! </p>\r\n                Take a stylish step forward with the round black stainless steel case. Measuring 50mm wide the case presents its imposing stature with two black pedal-style function pushers on either side of a texture edged screw down crown. A black bezel tops the case with Arabic numerals etched at five minute increments and four white arrow accents at the cardinal points. \u201cLimited Edition\u201d appears on the case back with your number out of 999 while \u201cJT\u201d caps the crown. This Excursion expertly executes the time on a Swiss Made Ronda 5040.D Quartz Chronograph movement. </p>\r\n\r\n<p> A Flame Fusion crystal hovers above the round black carbon fiber dial and its standout accents in red or yellow. A 60-seconds subdial sits near 2:00 a date window finds its place near 4:00 a 1/10th-seconds subdial resides above 6:00 and a 30-minute subdial lands near 10:00. The red accented dial features round luminous Tritnite index markers with red trim at all hour positions except 12:00 Tritnite and red trim hour and minute hands and solid red subdial and chronograph hands. The yellow accented dial boasts Tritnite index markers and hour and minute hands with yellow trim and solid yellow subdial and chronograph hands. \u201cJT\u201d and \u201cInvicta Reserve\u201d share the space below 12:00 for the final detail. </p>\r\n\r\n<p> Cool black links come together for the stainless steel bracelet. The three link design secures with a deployant clasp and a safety catch etched \u201cJT\u201d. A timepiece uniquely styled with you in mind make this Invicta Reserve Jason Taylor Excursion the newest addition to your timepiece collection today! </p> \r\n\r\n<p><li><strong>Bracelet: </strong>Stainless Steel\r\n<li><strong>Movement: </strong>Swiss Made Ronda 5040.D Quartz Chronograph \r\n<li><strong>Crystal: </strong>Flame Fusion\r\n<li><strong>Crown: </strong>Screw Down w/ Function Pushers\r\n<li><strong>Clasp: </strong>Deployant\r\n<li><strong>Bracelet Measurements: </strong>9 L x 26mm W\r\n<li><strong>Case Measurements: </strong>50mm\r\n<li><strong>Case Thickness: </strong>14mm\r\n<li><strong>Weight: </strong>13 oz.\r\n<li><strong>Water Resistance: </strong>20 ATM - 200 meters - 660 feet\r\n<li><strong>Model Numbers: </strong>\r\n<br>Red: 14452-3WHT \r\n<br>Yellow: 14453-3WHT \r\n\r\n<li><strong>UPC: </strong>\r\n<br>Red: 886678150946 \r\n<br>Yellow: 886678150953 \r\n\r\n<p>', 'palletNumber': u'Watches4', 'manifested': u'X', 'Total Retail': u'', 'box': u'', u'image_sources': {u'key': u''}, 'date_listed': u'', 'Margin %': u'', 'band_size': u'7.5', u'*Category': u'31387'} updateMainFrameCurrentItemInfo

--06-23 15:05:46 log_info display_image.Check.defaultImageSelections INFO     

# Check.defaultImageSelections(): # defaultImageSelections

--06-23 15:05:46 log_info display_image.Check.defaultImageSelections INFO     
prev_selected:{u'display_image\\jPages\\J431184\\622-343.JPEG': u'True'} defaultImageSelections

--06-23 15:05:46 log_info display_image.Check.defaultImageSelections INFO     
display_image\jPages\J431184\622-343.JPEG defaultImageSelections

--06-23 15:05:46 log_info display_image.Check.defaultImageSelections INFO     
# Check.defaultImageSelections: display_image\jPages\J431184\622-343.JPEG defaultImageSelections

--06-23 15:05:46 log_info display_image.EventsHandlers.MainFrameEventHandler.updateMainFrameCurrentItemInfo INFO     

# PhotoCtrlEventHandler.onScanNumberText(): self.prev_image # updateMainFrameCurrentItemInfo

--06-23 15:05:46 log_info display_image.EventsHandlers.MainFrameEventHandler.updateMainFrameCurrentItemInfo INFO     

# PhotoCtrlEventHandler.onScanNumberText(): self.prev_image # updateMainFrameCurrentItemInfo

--06-23 15:05:46 log_info display_image.EventsHandlers.MainFrameEventHandler.updateMainFrameCurrentItemInfo INFO     
. Previous Images:  updateMainFrameCurrentItemInfo

--06-23 15:05:46 log_info display_image.EventsHandlers.MainFrameEventHandler.updateMainFrameCurrentItemInfo INFO     
. Previous Images:  updateMainFrameCurrentItemInfo

--06-23 15:05:46 log_info display_image.EventsHandlers.MainFrameEventHandler.updateMainFrameCurrentItemInfo INFO     
. {u'display_image\\jPages\\J431184\\622-343.JPEG': u'True'} updateMainFrameCurrentItemInfo

--06-23 15:05:46 log_info display_image.EventsHandlers.MainFrameEventHandler.updateMainFrameCurrentItemInfo INFO     
. {u'display_image\\jPages\\J431184\\622-343.JPEG': u'True'} updateMainFrameCurrentItemInfo

--06-23 15:05:46 log_info display_image.EventsHandlers.MainFrameEventHandler.updateMainFrameCurrentItemInfo INFO     
. display_image\jPages\J431184\622-343.JPEG updateMainFrameCurrentItemInfo

--06-23 15:05:46 log_info display_image.EventsHandlers.MainFrameEventHandler.updateMainFrameCurrentItemInfo INFO     
. display_image\jPages\J431184\622-343.JPEG updateMainFrameCurrentItemInfo

--06-23 15:05:46 log_info display_image.EventsHandlers.MainFrameEventHandler.updateMainFrameCurrentItemInfo INFO     
. Found Previous Image Selection: display_image\jPages\J431184\622-343.JPEG updateMainFrameCurrentItemInfo

--06-23 15:05:46 log_info display_image.EventsHandlers.MainFrameEventHandler.updateMainFrameCurrentItemInfo INFO     
. Found Previous Image Selection: display_image\jPages\J431184\622-343.JPEG updateMainFrameCurrentItemInfo

--06-23 15:05:46 log_info display_image.EventsHandlers.MainFrameEventHandler.updateMainFrameCurrentItemInfo INFO     
Before updateMainFrameCurrentItemInfo Return: {'repair': u'', u'ebay_category': u'31387', 'image_list': [u'622-343?DefaultImage=1&$472x472_jpg$', u'622-343_00_swatch?DefaultImage=1&$40x40_jpg$', u'622-343_01_swatch?DefaultImage=1&$40x40_jpg$', u'622-343?DefaultImage=1&$80x80_jpg$', u'622-343_00_detail?DefaultImage=1&$80x80_jpg$', u'622-343_01_detail?DefaultImage=1&$80x80_jpg$', u'622-343_02_detail?DefaultImage=1&$80x80_jpg$', u'622-343_03_detail?DefaultImage=1&$80x80_jpg$', u'622-343?DefaultImage=1&$120x120_jpg$', u'622-343?DefaultImage=1&$120x120_jpg$'], 'sku': u'1132', 'Margin $': u'', 'title': u'Invicta Reserve Mens Jason Taylor Excursion Quartz Chrono Watch Red Mens', 'Brand': u'Invicta', 'model_number': u'', 'jNumber': u'J431184', 'Total Cost': u'$645.00', 'full_': u'J431184-00005-04168', 'Retail': u'', 'condition': u'2', 'upc': u'', 'Qty': u'1', 'listerInitials': u'JM', 'jNumberFolderPath': u'display_image\\jPages\\J431184', 'msrp': u'$645.00', 'jnumber': u'J431184', 'pallet_number': u'Watches4', 'specs': u"['tt_productRightCol', 'entity.id=622-343', 'entity.categoryId=product', 'entity.name=Invicta Reserve 50mm Jason Taylor Excursion Bracelet Watch w/ Three-Slot Dive Case', 'entity.pageUrl=http://www.shophq.com/product/622-343.aspx?\\\\u0026familyid=J431184', 'entity.thumbnailUrl=http://images.shophq.com/is/image/ShopHQ/622-343?DefaultImage=1&$120x120_jpg$', 'entity.message=INVICTA RESERVE MENS JASON TAYLOR EXCURSION SWISS QUARTZ CHRONO BRACELET', 'entity.value=645.0000', '']", 'eBay Price': u'', 'Division': u'Watches', 'itemSelectedImages': {u'display_image\\jPages\\J431184\\622-343.JPEG': u'True'}, 'condition_notes': u'', 'retailer_code': u'1', u'*ConditionID': u'3000', 'retailer_code:1': u'', 'description': u'\r\n                \r\n                <p><strong>Invicta Reserve 50mm Jason Taylor Excursion Bracelet Watch w/ Three-Slot Dive Case</strong></p>\r\n\r\n<p><strong>Choices: </strong>Red or Yellow dial accent</p>\r\n\r\n<p> Ingenious architecture and design blends with formidable capabilities on this Invicta Reserve Jason Taylor Excursion! </p>\r\n                Take a stylish step forward with the round black stainless steel case. Measuring 50mm wide the case presents its imposing stature with two black pedal-style function pushers on either side of a texture edged screw down crown. A black bezel tops the case with Arabic numerals etched at five minute increments and four white arrow accents at the cardinal points. \u201cLimited Edition\u201d appears on the case back with your number out of 999 while \u201cJT\u201d caps the crown. This Excursion expertly executes the time on a Swiss Made Ronda 5040.D Quartz Chronograph movement. </p>\r\n\r\n<p> A Flame Fusion crystal hovers above the round black carbon fiber dial and its standout accents in red or yellow. A 60-seconds subdial sits near 2:00 a date window finds its place near 4:00 a 1/10th-seconds subdial resides above 6:00 and a 30-minute subdial lands near 10:00. The red accented dial features round luminous Tritnite index markers with red trim at all hour positions except 12:00 Tritnite and red trim hour and minute hands and solid red subdial and chronograph hands. The yellow accented dial boasts Tritnite index markers and hour and minute hands with yellow trim and solid yellow subdial and chronograph hands. \u201cJT\u201d and \u201cInvicta Reserve\u201d share the space below 12:00 for the final detail. </p>\r\n\r\n<p> Cool black links come together for the stainless steel bracelet. The three link design secures with a deployant clasp and a safety catch etched \u201cJT\u201d. A timepiece uniquely styled with you in mind make this Invicta Reserve Jason Taylor Excursion the newest addition to your timepiece collection today! </p> \r\n\r\n<p><li><strong>Bracelet: </strong>Stainless Steel\r\n<li><strong>Movement: </strong>Swiss Made Ronda 5040.D Quartz Chronograph \r\n<li><strong>Crystal: </strong>Flame Fusion\r\n<li><strong>Crown: </strong>Screw Down w/ Function Pushers\r\n<li><strong>Clasp: </strong>Deployant\r\n<li><strong>Bracelet Measurements: </strong>9 L x 26mm W\r\n<li><strong>Case Measurements: </strong>50mm\r\n<li><strong>Case Thickness: </strong>14mm\r\n<li><strong>Weight: </strong>13 oz.\r\n<li><strong>Water Resistance: </strong>20 ATM - 200 meters - 660 feet\r\n<li><strong>Model Numbers: </strong>\r\n<br>Red: 14452-3WHT \r\n<br>Yellow: 14453-3WHT \r\n\r\n<li><strong>UPC: </strong>\r\n<br>Red: 886678150946 \r\n<br>Yellow: 886678150953 \r\n\r\n<p>', 'palletNumber': u'Watches4', 'manifested': u'X', 'Total Retail': u'', 'box': u'', u'image_sources': {u'key': u''}, 'date_listed': u'', 'Margin %': u'', 'band_size': u'7.5', u'*Category': u'31387'} updateMainFrameCurrentItemInfo

--06-23 15:05:46 log_info display_image.EventsHandlers.MainFrameEventHandler.updateMainFrameCurrentItemInfo INFO     
Before updateMainFrameCurrentItemInfo Return: {'repair': u'', u'ebay_category': u'31387', 'image_list': [u'622-343?DefaultImage=1&$472x472_jpg$', u'622-343_00_swatch?DefaultImage=1&$40x40_jpg$', u'622-343_01_swatch?DefaultImage=1&$40x40_jpg$', u'622-343?DefaultImage=1&$80x80_jpg$', u'622-343_00_detail?DefaultImage=1&$80x80_jpg$', u'622-343_01_detail?DefaultImage=1&$80x80_jpg$', u'622-343_02_detail?DefaultImage=1&$80x80_jpg$', u'622-343_03_detail?DefaultImage=1&$80x80_jpg$', u'622-343?DefaultImage=1&$120x120_jpg$', u'622-343?DefaultImage=1&$120x120_jpg$'], 'sku': u'1132', 'Margin $': u'', 'title': u'Invicta Reserve Mens Jason Taylor Excursion Quartz Chrono Watch Red Mens', 'Brand': u'Invicta', 'model_number': u'', 'jNumber': u'J431184', 'Total Cost': u'$645.00', 'full_': u'J431184-00005-04168', 'Retail': u'', 'condition': u'2', 'upc': u'', 'Qty': u'1', 'listerInitials': u'JM', 'jNumberFolderPath': u'display_image\\jPages\\J431184', 'msrp': u'$645.00', 'jnumber': u'J431184', 'pallet_number': u'Watches4', 'specs': u"['tt_productRightCol', 'entity.id=622-343', 'entity.categoryId=product', 'entity.name=Invicta Reserve 50mm Jason Taylor Excursion Bracelet Watch w/ Three-Slot Dive Case', 'entity.pageUrl=http://www.shophq.com/product/622-343.aspx?\\\\u0026familyid=J431184', 'entity.thumbnailUrl=http://images.shophq.com/is/image/ShopHQ/622-343?DefaultImage=1&$120x120_jpg$', 'entity.message=INVICTA RESERVE MENS JASON TAYLOR EXCURSION SWISS QUARTZ CHRONO BRACELET', 'entity.value=645.0000', '']", 'eBay Price': u'', 'Division': u'Watches', 'itemSelectedImages': {u'display_image\\jPages\\J431184\\622-343.JPEG': u'True'}, 'condition_notes': u'', 'retailer_code': u'1', u'*ConditionID': u'3000', 'retailer_code:1': u'', 'description': u'\r\n                \r\n                <p><strong>Invicta Reserve 50mm Jason Taylor Excursion Bracelet Watch w/ Three-Slot Dive Case</strong></p>\r\n\r\n<p><strong>Choices: </strong>Red or Yellow dial accent</p>\r\n\r\n<p> Ingenious architecture and design blends with formidable capabilities on this Invicta Reserve Jason Taylor Excursion! </p>\r\n                Take a stylish step forward with the round black stainless steel case. Measuring 50mm wide the case presents its imposing stature with two black pedal-style function pushers on either side of a texture edged screw down crown. A black bezel tops the case with Arabic numerals etched at five minute increments and four white arrow accents at the cardinal points. \u201cLimited Edition\u201d appears on the case back with your number out of 999 while \u201cJT\u201d caps the crown. This Excursion expertly executes the time on a Swiss Made Ronda 5040.D Quartz Chronograph movement. </p>\r\n\r\n<p> A Flame Fusion crystal hovers above the round black carbon fiber dial and its standout accents in red or yellow. A 60-seconds subdial sits near 2:00 a date window finds its place near 4:00 a 1/10th-seconds subdial resides above 6:00 and a 30-minute subdial lands near 10:00. The red accented dial features round luminous Tritnite index markers with red trim at all hour positions except 12:00 Tritnite and red trim hour and minute hands and solid red subdial and chronograph hands. The yellow accented dial boasts Tritnite index markers and hour and minute hands with yellow trim and solid yellow subdial and chronograph hands. \u201cJT\u201d and \u201cInvicta Reserve\u201d share the space below 12:00 for the final detail. </p>\r\n\r\n<p> Cool black links come together for the stainless steel bracelet. The three link design secures with a deployant clasp and a safety catch etched \u201cJT\u201d. A timepiece uniquely styled with you in mind make this Invicta Reserve Jason Taylor Excursion the newest addition to your timepiece collection today! </p> \r\n\r\n<p><li><strong>Bracelet: </strong>Stainless Steel\r\n<li><strong>Movement: </strong>Swiss Made Ronda 5040.D Quartz Chronograph \r\n<li><strong>Crystal: </strong>Flame Fusion\r\n<li><strong>Crown: </strong>Screw Down w/ Function Pushers\r\n<li><strong>Clasp: </strong>Deployant\r\n<li><strong>Bracelet Measurements: </strong>9 L x 26mm W\r\n<li><strong>Case Measurements: </strong>50mm\r\n<li><strong>Case Thickness: </strong>14mm\r\n<li><strong>Weight: </strong>13 oz.\r\n<li><strong>Water Resistance: </strong>20 ATM - 200 meters - 660 feet\r\n<li><strong>Model Numbers: </strong>\r\n<br>Red: 14452-3WHT \r\n<br>Yellow: 14453-3WHT \r\n\r\n<li><strong>UPC: </strong>\r\n<br>Red: 886678150946 \r\n<br>Yellow: 886678150953 \r\n\r\n<p>', 'palletNumber': u'Watches4', 'manifested': u'X', 'Total Retail': u'', 'box': u'', u'image_sources': {u'key': u''}, 'date_listed': u'', 'Margin %': u'', 'band_size': u'7.5', u'*Category': u'31387'} updateMainFrameCurrentItemInfo

--06-23 15:05:46 log_info display_image.EventsHandlers.MainFrameEventHandler.onScanNumberText INFO     
updateMainFrameCurrentItemInfo results:True onScanNumberText

--06-23 15:05:46 log_info display_image.EventsHandlers.MainFrameEventHandler.onScanNumberText INFO     
updateMainFrameCurrentItemInfo results:True onScanNumberText

--06-23 15:05:46 log_info display_image.EventsHandlers.MainFrameEventHandler.onScanNumberText INFO     
onScanNumberText currentItemInfo: {'repair': u'', u'ebay_category': u'31387', 'image_list': [u'622-343?DefaultImage=1&$472x472_jpg$', u'622-343_00_swatch?DefaultImage=1&$40x40_jpg$', u'622-343_01_swatch?DefaultImage=1&$40x40_jpg$', u'622-343?DefaultImage=1&$80x80_jpg$', u'622-343_00_detail?DefaultImage=1&$80x80_jpg$', u'622-343_01_detail?DefaultImage=1&$80x80_jpg$', u'622-343_02_detail?DefaultImage=1&$80x80_jpg$', u'622-343_03_detail?DefaultImage=1&$80x80_jpg$', u'622-343?DefaultImage=1&$120x120_jpg$', u'622-343?DefaultImage=1&$120x120_jpg$'], 'sku': u'1132', 'Margin $': u'', 'title': u'Invicta Reserve Mens Jason Taylor Excursion Quartz Chrono Watch Red Mens', 'Brand': u'Invicta', 'model_number': u'', 'jNumber': u'J431184', 'Total Cost': u'$645.00', 'full_': u'J431184-00005-04168', 'Retail': u'', 'condition': u'2', 'upc': u'', 'Qty': u'1', 'listerInitials': u'JM', 'jNumberFolderPath': u'display_image\\jPages\\J431184', 'msrp': u'$645.00', 'jnumber': u'J431184', 'pallet_number': u'Watches4', 'specs': u"['tt_productRightCol', 'entity.id=622-343', 'entity.categoryId=product', 'entity.name=Invicta Reserve 50mm Jason Taylor Excursion Bracelet Watch w/ Three-Slot Dive Case', 'entity.pageUrl=http://www.shophq.com/product/622-343.aspx?\\\\u0026familyid=J431184', 'entity.thumbnailUrl=http://images.shophq.com/is/image/ShopHQ/622-343?DefaultImage=1&$120x120_jpg$', 'entity.message=INVICTA RESERVE MENS JASON TAYLOR EXCURSION SWISS QUARTZ CHRONO BRACELET', 'entity.value=645.0000', '']", 'eBay Price': u'', 'Division': u'Watches', 'itemSelectedImages': {u'display_image\\jPages\\J431184\\622-343.JPEG': u'True'}, 'condition_notes': u'', 'retailer_code': u'1', u'*ConditionID': u'3000', 'retailer_code:1': u'', 'description': u'\r\n                \r\n                <p><strong>Invicta Reserve 50mm Jason Taylor Excursion Bracelet Watch w/ Three-Slot Dive Case</strong></p>\r\n\r\n<p><strong>Choices: </strong>Red or Yellow dial accent</p>\r\n\r\n<p> Ingenious architecture and design blends with formidable capabilities on this Invicta Reserve Jason Taylor Excursion! </p>\r\n                Take a stylish step forward with the round black stainless steel case. Measuring 50mm wide the case presents its imposing stature with two black pedal-style function pushers on either side of a texture edged screw down crown. A black bezel tops the case with Arabic numerals etched at five minute increments and four white arrow accents at the cardinal points. \u201cLimited Edition\u201d appears on the case back with your number out of 999 while \u201cJT\u201d caps the crown. This Excursion expertly executes the time on a Swiss Made Ronda 5040.D Quartz Chronograph movement. </p>\r\n\r\n<p> A Flame Fusion crystal hovers above the round black carbon fiber dial and its standout accents in red or yellow. A 60-seconds subdial sits near 2:00 a date window finds its place near 4:00 a 1/10th-seconds subdial resides above 6:00 and a 30-minute subdial lands near 10:00. The red accented dial features round luminous Tritnite index markers with red trim at all hour positions except 12:00 Tritnite and red trim hour and minute hands and solid red subdial and chronograph hands. The yellow accented dial boasts Tritnite index markers and hour and minute hands with yellow trim and solid yellow subdial and chronograph hands. \u201cJT\u201d and \u201cInvicta Reserve\u201d share the space below 12:00 for the final detail. </p>\r\n\r\n<p> Cool black links come together for the stainless steel bracelet. The three link design secures with a deployant clasp and a safety catch etched \u201cJT\u201d. A timepiece uniquely styled with you in mind make this Invicta Reserve Jason Taylor Excursion the newest addition to your timepiece collection today! </p> \r\n\r\n<p><li><strong>Bracelet: </strong>Stainless Steel\r\n<li><strong>Movement: </strong>Swiss Made Ronda 5040.D Quartz Chronograph \r\n<li><strong>Crystal: </strong>Flame Fusion\r\n<li><strong>Crown: </strong>Screw Down w/ Function Pushers\r\n<li><strong>Clasp: </strong>Deployant\r\n<li><strong>Bracelet Measurements: </strong>9 L x 26mm W\r\n<li><strong>Case Measurements: </strong>50mm\r\n<li><strong>Case Thickness: </strong>14mm\r\n<li><strong>Weight: </strong>13 oz.\r\n<li><strong>Water Resistance: </strong>20 ATM - 200 meters - 660 feet\r\n<li><strong>Model Numbers: </strong>\r\n<br>Red: 14452-3WHT \r\n<br>Yellow: 14453-3WHT \r\n\r\n<li><strong>UPC: </strong>\r\n<br>Red: 886678150946 \r\n<br>Yellow: 886678150953 \r\n\r\n<p>', 'palletNumber': u'Watches4', 'manifested': u'X', 'Total Retail': u'', 'box': u'', u'image_sources': {u'key': u''}, 'date_listed': u'', 'Margin %': u'', 'band_size': u'7.5', u'*Category': u'31387'} onScanNumberText

--06-23 15:05:46 log_info display_image.EventsHandlers.MainFrameEventHandler.onScanNumberText INFO     
onScanNumberText currentItemInfo: {'repair': u'', u'ebay_category': u'31387', 'image_list': [u'622-343?DefaultImage=1&$472x472_jpg$', u'622-343_00_swatch?DefaultImage=1&$40x40_jpg$', u'622-343_01_swatch?DefaultImage=1&$40x40_jpg$', u'622-343?DefaultImage=1&$80x80_jpg$', u'622-343_00_detail?DefaultImage=1&$80x80_jpg$', u'622-343_01_detail?DefaultImage=1&$80x80_jpg$', u'622-343_02_detail?DefaultImage=1&$80x80_jpg$', u'622-343_03_detail?DefaultImage=1&$80x80_jpg$', u'622-343?DefaultImage=1&$120x120_jpg$', u'622-343?DefaultImage=1&$120x120_jpg$'], 'sku': u'1132', 'Margin $': u'', 'title': u'Invicta Reserve Mens Jason Taylor Excursion Quartz Chrono Watch Red Mens', 'Brand': u'Invicta', 'model_number': u'', 'jNumber': u'J431184', 'Total Cost': u'$645.00', 'full_': u'J431184-00005-04168', 'Retail': u'', 'condition': u'2', 'upc': u'', 'Qty': u'1', 'listerInitials': u'JM', 'jNumberFolderPath': u'display_image\\jPages\\J431184', 'msrp': u'$645.00', 'jnumber': u'J431184', 'pallet_number': u'Watches4', 'specs': u"['tt_productRightCol', 'entity.id=622-343', 'entity.categoryId=product', 'entity.name=Invicta Reserve 50mm Jason Taylor Excursion Bracelet Watch w/ Three-Slot Dive Case', 'entity.pageUrl=http://www.shophq.com/product/622-343.aspx?\\\\u0026familyid=J431184', 'entity.thumbnailUrl=http://images.shophq.com/is/image/ShopHQ/622-343?DefaultImage=1&$120x120_jpg$', 'entity.message=INVICTA RESERVE MENS JASON TAYLOR EXCURSION SWISS QUARTZ CHRONO BRACELET', 'entity.value=645.0000', '']", 'eBay Price': u'', 'Division': u'Watches', 'itemSelectedImages': {u'display_image\\jPages\\J431184\\622-343.JPEG': u'True'}, 'condition_notes': u'', 'retailer_code': u'1', u'*ConditionID': u'3000', 'retailer_code:1': u'', 'description': u'\r\n                \r\n                <p><strong>Invicta Reserve 50mm Jason Taylor Excursion Bracelet Watch w/ Three-Slot Dive Case</strong></p>\r\n\r\n<p><strong>Choices: </strong>Red or Yellow dial accent</p>\r\n\r\n<p> Ingenious architecture and design blends with formidable capabilities on this Invicta Reserve Jason Taylor Excursion! </p>\r\n                Take a stylish step forward with the round black stainless steel case. Measuring 50mm wide the case presents its imposing stature with two black pedal-style function pushers on either side of a texture edged screw down crown. A black bezel tops the case with Arabic numerals etched at five minute increments and four white arrow accents at the cardinal points. \u201cLimited Edition\u201d appears on the case back with your number out of 999 while \u201cJT\u201d caps the crown. This Excursion expertly executes the time on a Swiss Made Ronda 5040.D Quartz Chronograph movement. </p>\r\n\r\n<p> A Flame Fusion crystal hovers above the round black carbon fiber dial and its standout accents in red or yellow. A 60-seconds subdial sits near 2:00 a date window finds its place near 4:00 a 1/10th-seconds subdial resides above 6:00 and a 30-minute subdial lands near 10:00. The red accented dial features round luminous Tritnite index markers with red trim at all hour positions except 12:00 Tritnite and red trim hour and minute hands and solid red subdial and chronograph hands. The yellow accented dial boasts Tritnite index markers and hour and minute hands with yellow trim and solid yellow subdial and chronograph hands. \u201cJT\u201d and \u201cInvicta Reserve\u201d share the space below 12:00 for the final detail. </p>\r\n\r\n<p> Cool black links come together for the stainless steel bracelet. The three link design secures with a deployant clasp and a safety catch etched \u201cJT\u201d. A timepiece uniquely styled with you in mind make this Invicta Reserve Jason Taylor Excursion the newest addition to your timepiece collection today! </p> \r\n\r\n<p><li><strong>Bracelet: </strong>Stainless Steel\r\n<li><strong>Movement: </strong>Swiss Made Ronda 5040.D Quartz Chronograph \r\n<li><strong>Crystal: </strong>Flame Fusion\r\n<li><strong>Crown: </strong>Screw Down w/ Function Pushers\r\n<li><strong>Clasp: </strong>Deployant\r\n<li><strong>Bracelet Measurements: </strong>9 L x 26mm W\r\n<li><strong>Case Measurements: </strong>50mm\r\n<li><strong>Case Thickness: </strong>14mm\r\n<li><strong>Weight: </strong>13 oz.\r\n<li><strong>Water Resistance: </strong>20 ATM - 200 meters - 660 feet\r\n<li><strong>Model Numbers: </strong>\r\n<br>Red: 14452-3WHT \r\n<br>Yellow: 14453-3WHT \r\n\r\n<li><strong>UPC: </strong>\r\n<br>Red: 886678150946 \r\n<br>Yellow: 886678150953 \r\n\r\n<p>', 'palletNumber': u'Watches4', 'manifested': u'X', 'Total Retail': u'', 'box': u'', u'image_sources': {u'key': u''}, 'date_listed': u'', 'Margin %': u'', 'band_size': u'7.5', u'*Category': u'31387'} onScanNumberText

--06-23 15:05:46 log_info display_image.EventsHandlers.MainFrameEventHandler.onScanNumberText INFO     
Trying to open: display_image\jPages\J431184\622-343.JPEG onScanNumberText

--06-23 15:05:46 log_info display_image.EventsHandlers.MainFrameEventHandler.onScanNumberText INFO     
Trying to open: display_image\jPages\J431184\622-343.JPEG onScanNumberText

--06-23 15:05:46 log_info display_image.EventsHandlers.MainFrameEventHandler.onDescriptionTextField INFO     
inside: onDescriptionTextField

--06-23 15:05:46 log_info display_image.EventsHandlers.MainFrameEventHandler.onDescriptionTextField INFO     
inside: onDescriptionTextField

--06-23 15:05:46 log_info display_image.EventsHandlers.MainFrameEventHandler.onDescriptionTextField INFO     
inside: onDescriptionTextField

--06-23 15:05:46 log_info display_image.EventsHandlers.MainFrameEventHandler.onDescriptionTextField INFO     
inside: onDescriptionTextField

--06-23 15:05:46 log_info display_image.EventsHandlers.MainFrameEventHandler.onUpcNumberText INFO     
Inside:  onUpcNumberText

--06-23 15:05:46 log_info display_image.EventsHandlers.MainFrameEventHandler.onUpcNumberText INFO     
Inside:  onUpcNumberText

--06-23 15:05:46 log_info display_image.EventsHandlers.MainFrameEventHandler.onUpcNumberText INFO     
upc entered, and updated. onUpcNumberText

--06-23 15:05:46 log_info display_image.EventsHandlers.MainFrameEventHandler.onUpcNumberText INFO     
upc entered, and updated. onUpcNumberText

--06-23 15:05:46 log_info display_image.EventsHandlers.MainFrameEventHandler.onEbayCategoryIdText INFO     
Inside:  onEbayCategoryIdText

--06-23 15:05:46 log_info display_image.EventsHandlers.MainFrameEventHandler.onEbayCategoryIdText INFO     
Inside:  onEbayCategoryIdText

--06-23 15:05:46 log_debug display_image.EventsHandlers.MainFrameEventHandler.onEbayCategoryIdText DEBUG    31387 onEbayCategoryIdText
ARGS_KWARGS_STR:
{'ARGS': ()
, 'KWARGS': {}}
call_fn: C:\Users\User\SGIS_CLONE\master-6-20\display_image\EventsHandlers\MainFrameEventHandler.py
call_ln: 1155
call_func: onScanNumberText
caller: ["                self.MainFrame.ebayCategoryIdText.SetValue(self.MainFrame.currentItemInfo['ebay_category'])\n"]
Exception:
Traceback (most recent call last):
  File "C:\Users\User\SGIS_CLONE\master-6-20\display_image\EventsHandlers\MainFrameEventHandler.py", line 1131, in onScanNumberText
    self.MainFrame.descriptionTextField.AppendText(self.description.decode('utf8'))
  File "C:\Python27\Lib\encodings\utf_8.py", line 16, in decode
    return codecs.utf_8_decode(input, errors, True)
UnicodeEncodeError: 'ascii' codec can't encode character u'\u201c' in position 713: ordinal not in range(128)

--06-23 15:05:46 log_info display_image.EventsHandlers.MainFrameEventHandler.onLookUpBySkuBtnShopHq INFO     
Added MainFrame.itemRow to currentItemInfo[['retailer_code:1', 'Division', 'Brand', 'pallet_number', 'full_', 'jnumber', 'model_number', 'title', 'Qty', 'msrp', 'Total Cost', 'Retail', 'Total Retail', 'Margin %', 'Margin $', 'eBay Price', 'sku', 'box', 'condition', 'condition_notes', 'band_size', 'date_listed', 'repair', 'manifested', 'upc'], ['', 'Watches', 'Invicta', 'Watches4', 'J431184-00005-04168', 'J431184', '', 'INVICTA RESERVE MENS JASON TAYLOR EXCURSION SWISS LMT ED QUARTZ CHRONO WATCH RED MENS', '1', '$645.00', '$645.00', '', '', '', '', '', '1132', '', '2', '', '7.5', '', '', 'X', '']] onLookUpBySkuBtnShopHq

--06-23 15:05:46 log_info display_image.EventsHandlers.MainFrameEventHandler.onLookUpBySkuBtnShopHq INFO     
Added MainFrame.itemRow to currentItemInfo[['retailer_code:1', 'Division', 'Brand', 'pallet_number', 'full_', 'jnumber', 'model_number', 'title', 'Qty', 'msrp', 'Total Cost', 'Retail', 'Total Retail', 'Margin %', 'Margin $', 'eBay Price', 'sku', 'box', 'condition', 'condition_notes', 'band_size', 'date_listed', 'repair', 'manifested', 'upc'], ['', 'Watches', 'Invicta', 'Watches4', 'J431184-00005-04168', 'J431184', '', 'INVICTA RESERVE MENS JASON TAYLOR EXCURSION SWISS LMT ED QUARTZ CHRONO WATCH RED MENS', '1', '$645.00', '$645.00', '', '', '', '', '', '1132', '', '2', '', '7.5', '', '', 'X', '']] onLookUpBySkuBtnShopHq

--06-23 15:05:46 log_info display_image.EventsHandlers.MainFrameEventHandler.onCurrentConditionText INFO     
Inside:  onCurrentConditionText

--06-23 15:05:46 log_info display_image.EventsHandlers.MainFrameEventHandler.onCurrentConditionText INFO     
Inside:  onCurrentConditionText

--06-23 15:05:46 log_info display_image.EventsHandlers.MainFrameEventHandler.onCurrentConditionText INFO     
Calling Save(self.MainFrame) onCurrentConditionText

--06-23 15:05:46 log_info display_image.EventsHandlers.MainFrameEventHandler.onCurrentConditionText INFO     
Calling Save(self.MainFrame) onCurrentConditionText

--06-23 15:05:46 log_info display_image.EventsHandlers.MainFrameEventHandler.onPalletNumberText INFO     
Inside:  onPalletNumberText

--06-23 15:05:46 log_info display_image.EventsHandlers.MainFrameEventHandler.onPalletNumberText INFO     
Inside:  onPalletNumberText

--06-23 15:05:46 log_info display_image.EventsHandlers.MainFrameEventHandler.onPalletNumberText INFO     

# PhotoCtrlEventHandler.onPalletNumberText(): # onPalletNumberText

--06-23 15:05:46 log_info display_image.EventsHandlers.MainFrameEventHandler.onPalletNumberText INFO     

# PhotoCtrlEventHandler.onPalletNumberText(): # onPalletNumberText

--06-23 15:05:46 log_info display_image.EventsHandlers.MainFrameEventHandler.onDateListedText INFO     
inside:  onDateListedText

--06-23 15:05:46 log_info display_image.EventsHandlers.MainFrameEventHandler.onDateListedText INFO     
inside:  onDateListedText

--06-23 15:05:46 log_info display_image.EventsHandlers.MainFrameEventHandler.onDateListedText INFO     
date listed things onDateListedText

--06-23 15:05:46 log_info display_image.EventsHandlers.MainFrameEventHandler.onDateListedText INFO     
date listed things onDateListedText

--06-23 15:05:46 log_info display_image.EventsHandlers.MainFrameEventHandler.onDateListedText INFO     
inside:  onDateListedText

--06-23 15:05:46 log_info display_image.EventsHandlers.MainFrameEventHandler.onDateListedText INFO     
inside:  onDateListedText

--06-23 15:05:46 log_info display_image.EventsHandlers.MainFrameEventHandler.onDateListedText INFO     
date listed things onDateListedText

--06-23 15:05:46 log_info display_image.EventsHandlers.MainFrameEventHandler.onDateListedText INFO     
date listed things onDateListedText

--06-23 15:05:46 log_info display_image.EventsHandlers.MainFrameEventHandler.onCurrentTitleText INFO     
Inside:  onCurrentTitleText

--06-23 15:05:46 log_info display_image.EventsHandlers.MainFrameEventHandler.onCurrentTitleText INFO     
Inside:  onCurrentTitleText

--06-23 15:05:46 log_info display_image.EventsHandlers.MainFrameEventHandler.onCurrentTitleText INFO     
Inside:  onCurrentTitleText

--06-23 15:05:46 log_info display_image.EventsHandlers.MainFrameEventHandler.onCurrentTitleText INFO     
Inside:  onCurrentTitleText

--06-23 15:05:46 log_info display_image.EventsHandlers.MainFrameEventHandler.onEbayCategoryIdText INFO     
Inside:  onEbayCategoryIdText

--06-23 15:05:46 log_info display_image.EventsHandlers.MainFrameEventHandler.onEbayCategoryIdText INFO     
Inside:  onEbayCategoryIdText

--06-23 15:05:46 log_debug display_image.EventsHandlers.MainFrameEventHandler.onEbayCategoryIdText DEBUG    31387 onEbayCategoryIdText
ARGS_KWARGS_STR:
{'ARGS': ()
, 'KWARGS': {}}
call_fn: C:\Users\User\SGIS_CLONE\master-6-20\display_image\EventsHandlers\MainFrameEventHandler.py
call_ln: 300
call_func: onLookUpBySkuBtnShopHq
caller: ["        self.MainFrame.ebayCategoryIdText.SetValue('31387')\n"]
Exception:
None
